<?xml version="1.0" encoding="UTF-8"?>
<testng-results skipped="0" failed="0" ignored="0" total="1" passed="1">
  <reporter-output>
  </reporter-output>
  <suite name="Default suite" duration-ms="13306" started-at="2019-10-30T07:05:49Z" finished-at="2019-10-30T07:06:02Z">
    <groups>
    </groups>
    <test name="Default test" duration-ms="13306" started-at="2019-10-30T07:05:49Z" finished-at="2019-10-30T07:06:02Z">
      <class name="net.Phptravels.phptravels.net.Phptravels.phptravels.TesSignUp">
        <test-method status="PASS" signature="initialize()[pri:0, instance:net.Phptravels.phptravels.net.Phptravels.phptravels.TesSignUp@2286778]" name="initialize" is-config="true" duration-ms="8559" started-at="2019-10-30T12:35:49Z" finished-at="2019-10-30T12:35:57Z">
          <reporter-output>
          </reporter-output>
        </test-method> <!-- initialize -->
        <test-method status="PASS" signature="runtest()[pri:0, instance:net.Phptravels.phptravels.net.Phptravels.phptravels.TesSignUp@2286778]" name="runtest" duration-ms="2641" started-at="2019-10-30T12:35:57Z" finished-at="2019-10-30T12:36:00Z">
          <reporter-output>
          </reporter-output>
        </test-method> <!-- runtest -->
        <test-method status="PASS" signature="screen_shot()[pri:0, instance:net.Phptravels.phptravels.net.Phptravels.phptravels.TesSignUp@2286778]" name="screen_shot" is-config="true" duration-ms="783" started-at="2019-10-30T12:36:00Z" finished-at="2019-10-30T12:36:01Z">
          <reporter-output>
          </reporter-output>
        </test-method> <!-- screen_shot -->
        <test-method status="PASS" signature="close()[pri:0, instance:net.Phptravels.phptravels.net.Phptravels.phptravels.TesSignUp@2286778]" name="close" is-config="true" duration-ms="1291" started-at="2019-10-30T12:36:01Z" finished-at="2019-10-30T12:36:02Z">
          <reporter-output>
          </reporter-output>
        </test-method> <!-- close -->
      </class> <!-- net.Phptravels.phptravels.net.Phptravels.phptravels.TesSignUp -->
    </test> <!-- Default test -->
  </suite> <!-- Default suite -->
</testng-results>
